# JRE version: Java(TM) SE Runtime Environment (8.0_60-b27) (build 1.8.0_60-b27)
# Java VM: Java HotSpot(TM) 64-Bit Server VM (25.60-b23 mixed mode bsd-amd64 compressed oops)
Heap:
 PSYoungGen      total 406528K, used 80097K [0x0000000795580000, 0x00000007bf400000, 0x00000007c0000000)
  eden space 406016K, 19% used [0x0000000795580000,0x000000079a398778,0x00000007ae200000)
  from space 512K, 25% used [0x00000007bf380000,0x00000007bf3a0000,0x00000007bf400000)
  to   space 12800K, 0% used [0x00000007bdb00000,0x00000007bdb00000,0x00000007be780000)
 ParOldGen       total 87552K, used 16894K [0x0000000740000000, 0x0000000745580000, 0x0000000795580000)
  object space 87552K, 19% used [0x0000000740000000,0x000000074107fa60,0x0000000745580000)
 Metaspace       used 19411K, capacity 19629K, committed 19968K, reserved 1067008K
  class space    used 1944K, capacity 2019K, committed 2048K, reserved 1048576K
GC Heap History (10 events):
Event: 6.542 GC heap before
{Heap before GC invocations=8 (full 0):
 PSYoungGen      total 145408K, used 136960K [0x0000000795580000, 0x00000007a7180000, 0x00000007c0000000)
  eden space 133120K, 100% used [0x0000000795580000,0x000000079d780000,0x000000079d780000)
  from space 12288K, 31% used [0x000000079d780000,0x000000079db400e0,0x000000079e380000)
  to   space 12288K, 0% used [0x00000007a6580000,0x00000007a6580000,0x00000007a7180000)
 ParOldGen       total 87552K, used 12598K [0x0000000740000000, 0x0000000745580000, 0x0000000795580000)
  object space 87552K, 14% used [0x0000000740000000,0x0000000740c4d960,0x0000000745580000)
 Metaspace       used 19102K, capacity 19299K, committed 19456K, reserved 1067008K
  class space    used 1934K, capacity 2018K, committed 2048K, reserved 1048576K
Event: 6.552 GC heap after
Heap after GC invocations=8 (full 0):
 PSYoungGen      total 278016K, used 1184K [0x0000000795580000, 0x00000007a7280000, 0x00000007c0000000)
  eden space 265728K, 0% used [0x0000000795580000,0x0000000795580000,0x00000007a5900000)
  from space 12288K, 9% used [0x00000007a6580000,0x00000007a66a8040,0x00000007a7180000)
  to   space 12800K, 0% used [0x00000007a5900000,0x00000007a5900000,0x00000007a6580000)
 ParOldGen       total 87552K, used 15774K [0x0000000740000000, 0x0000000745580000, 0x0000000795580000)
  object space 87552K, 18% used [0x0000000740000000,0x0000000740f67a20,0x0000000745580000)
 Metaspace       used 19102K, capacity 19299K, committed 19456K, reserved 1067008K
  class space    used 1934K, capacity 2018K, committed 2048K, reserved 1048576K
}
Event: 7.679 GC heap before
{Heap before GC invocations=9 (full 0):
 PSYoungGen      total 278016K, used 266912K [0x0000000795580000, 0x00000007a7280000, 0x00000007c0000000)
  eden space 265728K, 100% used [0x0000000795580000,0x00000007a5900000,0x00000007a5900000)
  from space 12288K, 9% used [0x00000007a6580000,0x00000007a66a8040,0x00000007a7180000)
  to   space 12800K, 0% used [0x00000007a5900000,0x00000007a5900000,0x00000007a6580000)
 ParOldGen       total 87552K, used 15774K [0x0000000740000000, 0x0000000745580000, 0x0000000795580000)
  object space 87552K, 18% used [0x0000000740000000,0x0000000740f67a20,0x0000000745580000)
 Metaspace       used 19231K, capacity 19437K, committed 19712K, reserved 1067008K
  class space    used 1936K, capacity 2019K, committed 2048K, reserved 1048576K
Event: 7.684 GC heap after
Heap after GC invocations=9 (full 0):
 PSYoungGen      total 278528K, used 1120K [0x0000000795580000, 0x00000007b0e00000, 0x00000007c0000000)
  eden space 265728K, 0% used [0x0000000795580000,0x0000000795580000,0x00000007a5900000)
  from space 12800K, 8% used [0x00000007a5900000,0x00000007a5a18040,0x00000007a6580000)
  to   space 12800K, 0% used [0x00000007b0180000,0x00000007b0180000,0x00000007b0e00000)
 ParOldGen       total 87552K, used 15790K [0x0000000740000000, 0x0000000745580000, 0x0000000795580000)
  object space 87552K, 18% used [0x0000000740000000,0x0000000740f6ba20,0x0000000745580000)
 Metaspace       used 19231K, capacity 19437K, committed 19712K, reserved 1067008K
  class space    used 1936K, capacity 2019K, committed 2048K, reserved 1048576K
}
Event: 8.562 GC heap before
{Heap before GC invocations=10 (full 0):
 PSYoungGen      total 278528K, used 266848K [0x0000000795580000, 0x00000007b0e00000, 0x00000007c0000000)
  eden space 265728K, 100% used [0x0000000795580000,0x00000007a5900000,0x00000007a5900000)
  from space 12800K, 8% used [0x00000007a5900000,0x00000007a5a18040,0x00000007a6580000)
  to   space 12800K, 0% used [0x00000007b0180000,0x00000007b0180000,0x00000007b0e00000)
 ParOldGen       total 87552K, used 15790K [0x0000000740000000, 0x0000000745580000, 0x0000000795580000)
  object space 87552K, 18% used [0x0000000740000000,0x0000000740f6ba20,0x0000000745580000)
 Metaspace       used 19290K, capacity 19501K, committed 19712K, reserved 1067008K
  class space    used 1936K, capacity 2019K, committed 2048K, reserved 1048576K
Event: 8.564 GC heap after
Heap after GC invocations=10 (full 0):
 PSYoungGen      total 438272K, used 320K [0x0000000795580000, 0x00000007b0e00000, 0x00000007c0000000)
  eden space 425472K, 0% used [0x0000000795580000,0x0000000795580000,0x00000007af500000)
  from space 12800K, 2% used [0x00000007b0180000,0x00000007b01d0000,0x00000007b0e00000)
  to   space 12800K, 0% used [0x00000007af500000,0x00000007af500000,0x00000007b0180000)
 ParOldGen       total 87552K, used 16854K [0x0000000740000000, 0x0000000745580000, 0x0000000795580000)
  object space 87552K, 19% used [0x0000000740000000,0x0000000741075a60,0x0000000745580000)
 Metaspace       used 19290K, capacity 19501K, committed 19712K, reserved 1067008K
  class space    used 1936K, capacity 2019K, committed 2048K, reserved 1048576K
}
Event: 9.969 GC heap before
{Heap before GC invocations=11 (full 0):
 PSYoungGen      total 438272K, used 425792K [0x0000000795580000, 0x00000007b0e00000, 0x00000007c0000000)
  eden space 425472K, 100% used [0x0000000795580000,0x00000007af500000,0x00000007af500000)
  from space 12800K, 2% used [0x00000007b0180000,0x00000007b01d0000,0x00000007b0e00000)
  to   space 12800K, 0% used [0x00000007af500000,0x00000007af500000,0x00000007b0180000)
 ParOldGen       total 87552K, used 16854K [0x0000000740000000, 0x0000000745580000, 0x0000000795580000)
  object space 87552K, 19% used [0x0000000740000000,0x0000000741075a60,0x0000000745580000)
 Metaspace       used 19330K, capacity 19501K, committed 19712K, reserved 1067008K
  class space    used 1936K, capacity 2019K, committed 2048K, reserved 1048576K
Event: 9.971 GC heap after
Heap after GC invocations=11 (full 0):
 PSYoungGen      total 438272K, used 64K [0x0000000795580000, 0x00000007c0000000, 0x00000007c0000000)
  eden space 425472K, 0% used [0x0000000795580000,0x0000000795580000,0x00000007af500000)
  from space 12800K, 0% used [0x00000007af500000,0x00000007af510000,0x00000007b0180000)
  to   space 12800K, 0% used [0x00000007bf380000,0x00000007bf380000,0x00000007c0000000)
 ParOldGen       total 87552K, used 16886K [0x0000000740000000, 0x0000000745580000, 0x0000000795580000)
  object space 87552K, 19% used [0x0000000740000000,0x000000074107da60,0x0000000745580000)
 Metaspace       used 19330K, capacity 19501K, committed 19712K, reserved 1067008K
  class space    used 1936K, capacity 2019K, committed 2048K, reserved 1048576K
}
Event: 11.181 GC heap before
{Heap before GC invocations=12 (full 0):
 PSYoungGen      total 438272K, used 425536K [0x0000000795580000, 0x00000007c0000000, 0x00000007c0000000)
  eden space 425472K, 100% used [0x0000000795580000,0x00000007af500000,0x00000007af500000)
  from space 12800K, 0% used [0x00000007af500000,0x00000007af510000,0x00000007b0180000)
  to   space 12800K, 0% used [0x00000007bf380000,0x00000007bf380000,0x00000007c0000000)
 ParOldGen       total 87552K, used 16886K [0x0000000740000000, 0x0000000745580000, 0x0000000795580000)
  object space 87552K, 19% used [0x0000000740000000,0x000000074107da60,0x0000000745580000)
 Metaspace       used 19370K, capacity 19629K, committed 19968K, reserved 1067008K
  class space    used 1936K, capacity 2019K, committed 2048K, reserved 1048576K
Event: 11.183 GC heap after
Heap after GC invocations=12 (full 0):
 PSYoungGen      total 406528K, used 128K [0x0000000795580000, 0x00000007bf400000, 0x00000007c0000000)
  eden space 406016K, 0% used [0x0000000795580000,0x0000000795580000,0x00000007ae200000)
  from space 512K, 25% used [0x00000007bf380000,0x00000007bf3a0000,0x00000007bf400000)
  to   space 12800K, 0% used [0x00000007bdb00000,0x00000007bdb00000,0x00000007be780000)
 ParOldGen       total 87552K, used 16894K [0x0000000740000000, 0x0000000745580000, 0x0000000795580000)
  object space 87552K, 19% used [0x0000000740000000,0x000000074107fa60,0x0000000745580000)
 Metaspace       used 19370K, capacity 19629K, committed 19968K, reserved 1067008K
  class space    used 1936K, capacity 2019K, committed 2048K, reserved 1048576K
}

